<?xml version="1.0" encoding="UTF-8"?>
<testng-results skipped="0" failed="1" ignored="0" total="93" passed="92">
  <reporter-output>
  </reporter-output>
  <suite name="Default suite" duration-ms="173880" started-at="2021-07-06T13:15:10Z" finished-at="2021-07-06T13:18:04Z">
    <groups>
    </groups>
    <test name="Default test" duration-ms="173880" started-at="2021-07-06T13:15:10Z" finished-at="2021-07-06T13:18:04Z">
      <class name="org.comunity.Ppedit">
        <test-method status="PASS" signature="user_have_to_enter_into_comunity_matrimony_page()[pri:1, instance:org.comunity.Ppedit@68c4039c]" name="user_have_to_enter_into_comunity_matrimony_page" duration-ms="2352" started-at="2021-07-06T18:45:10Z" finished-at="2021-07-06T18:45:12Z">
          <reporter-output>
          </reporter-output>
        </test-method> <!-- user_have_to_enter_into_comunity_matrimony_page -->
        <test-method status="PASS" signature="user_have_to_enter_the_login_url()[pri:2, instance:org.comunity.Ppedit@68c4039c]" name="user_have_to_enter_the_login_url" duration-ms="3859" started-at="2021-07-06T18:45:12Z" finished-at="2021-07-06T18:45:16Z">
          <reporter-output>
          </reporter-output>
        </test-method> <!-- user_have_to_enter_the_login_url -->
        <test-method status="PASS" signature="user_have_to_enter_valid_username_and_password()[pri:3, instance:org.comunity.Ppedit@68c4039c]" name="user_have_to_enter_valid_username_and_password" duration-ms="219" started-at="2021-07-06T18:45:16Z" finished-at="2021-07-06T18:45:16Z">
          <reporter-output>
          </reporter-output>
        </test-method> <!-- user_have_to_enter_valid_username_and_password -->
        <test-method status="PASS" signature="user_have_to_click_the_submit_button()[pri:4, instance:org.comunity.Ppedit@68c4039c]" name="user_have_to_click_the_submit_button" duration-ms="9684" started-at="2021-07-06T18:45:16Z" finished-at="2021-07-06T18:45:26Z">
          <reporter-output>
          </reporter-output>
        </test-method> <!-- user_have_to_click_the_submit_button -->
        <test-method status="PASS" signature="user_have_to_enter_skip()[pri:5, instance:org.comunity.Ppedit@68c4039c]" name="user_have_to_enter_skip" duration-ms="7867" started-at="2021-07-06T18:45:26Z" finished-at="2021-07-06T18:45:34Z">
          <reporter-output>
          </reporter-output>
        </test-method> <!-- user_have_to_enter_skip -->
        <test-method status="PASS" signature="user_have_to_click_profile()[pri:6, instance:org.comunity.Ppedit@68c4039c]" name="user_have_to_click_profile" duration-ms="262" started-at="2021-07-06T18:45:34Z" finished-at="2021-07-06T18:45:34Z">
          <reporter-output>
          </reporter-output>
        </test-method> <!-- user_have_to_click_profile -->
        <test-method status="PASS" signature="user_have_to_click_edit_profile()[pri:7, instance:org.comunity.Ppedit@68c4039c]" name="user_have_to_click_edit_profile" duration-ms="2934" started-at="2021-07-06T18:45:34Z" finished-at="2021-07-06T18:45:37Z">
          <reporter-output>
          </reporter-output>
        </test-method> <!-- user_have_to_click_edit_profile -->
        <test-method status="PASS" signature="user_have_to_click_edit_profile_created_by()[pri:10, instance:org.comunity.Ppedit@68c4039c]" name="user_have_to_click_edit_profile_created_by" duration-ms="3338" started-at="2021-07-06T18:45:37Z" finished-at="2021-07-06T18:45:40Z">
          <reporter-output>
          </reporter-output>
        </test-method> <!-- user_have_to_click_edit_profile_created_by -->
        <test-method status="PASS" signature="user_have_to_click_edit_profile_name()[pri:11, instance:org.comunity.Ppedit@68c4039c]" name="user_have_to_click_edit_profile_name" duration-ms="820" started-at="2021-07-06T18:45:40Z" finished-at="2021-07-06T18:45:41Z">
          <reporter-output>
          </reporter-output>
        </test-method> <!-- user_have_to_click_edit_profile_name -->
        <test-method status="PASS" signature="user_have_to_click_edit_profile_date_of_birth()[pri:12, instance:org.comunity.Ppedit@68c4039c]" name="user_have_to_click_edit_profile_date_of_birth" duration-ms="4908" started-at="2021-07-06T18:45:41Z" finished-at="2021-07-06T18:45:46Z">
          <reporter-output>
          </reporter-output>
        </test-method> <!-- user_have_to_click_edit_profile_date_of_birth -->
        <test-method status="PASS" signature="user_have_to_click_edit_profile_marital_status()[pri:13, instance:org.comunity.Ppedit@68c4039c]" name="user_have_to_click_edit_profile_marital_status" duration-ms="633" started-at="2021-07-06T18:45:46Z" finished-at="2021-07-06T18:45:47Z">
          <reporter-output>
          </reporter-output>
        </test-method> <!-- user_have_to_click_edit_profile_marital_status -->
        <test-method status="PASS" signature="user_have_to_click_edit_profile_marital_status_edit()[pri:14, instance:org.comunity.Ppedit@68c4039c]" name="user_have_to_click_edit_profile_marital_status_edit" duration-ms="645" started-at="2021-07-06T18:45:47Z" finished-at="2021-07-06T18:45:47Z">
          <reporter-output>
          </reporter-output>
        </test-method> <!-- user_have_to_click_edit_profile_marital_status_edit -->
        <test-method status="PASS" signature="user_have_to_click_edit_profile_height()[pri:15, instance:org.comunity.Ppedit@68c4039c]" name="user_have_to_click_edit_profile_height" duration-ms="2099" started-at="2021-07-06T18:45:47Z" finished-at="2021-07-06T18:45:49Z">
          <reporter-output>
          </reporter-output>
        </test-method> <!-- user_have_to_click_edit_profile_height -->
        <test-method status="PASS" signature="user_have_to_click_edit_profile_weight()[pri:16, instance:org.comunity.Ppedit@68c4039c]" name="user_have_to_click_edit_profile_weight" duration-ms="2774" started-at="2021-07-06T18:45:49Z" finished-at="2021-07-06T18:45:52Z">
          <reporter-output>
          </reporter-output>
        </test-method> <!-- user_have_to_click_edit_profile_weight -->
        <test-method status="PASS" signature="user_have_to_click_edit_profile_physical_status()[pri:17, instance:org.comunity.Ppedit@68c4039c]" name="user_have_to_click_edit_profile_physical_status" duration-ms="801" started-at="2021-07-06T18:45:52Z" finished-at="2021-07-06T18:45:53Z">
          <reporter-output>
          </reporter-output>
        </test-method> <!-- user_have_to_click_edit_profile_physical_status -->
        <test-method status="PASS" signature="user_have_to_click_edit_profile_subcaste()[pri:20, instance:org.comunity.Ppedit@68c4039c]" name="user_have_to_click_edit_profile_subcaste" duration-ms="1438" started-at="2021-07-06T18:45:53Z" finished-at="2021-07-06T18:45:54Z">
          <reporter-output>
          </reporter-output>
        </test-method> <!-- user_have_to_click_edit_profile_subcaste -->
        <test-method status="PASS" signature="user_have_to_click_edit_profile_mother_tongue()[pri:21, instance:org.comunity.Ppedit@68c4039c]" name="user_have_to_click_edit_profile_mother_tongue" duration-ms="3013" started-at="2021-07-06T18:45:54Z" finished-at="2021-07-06T18:45:57Z">
          <reporter-output>
          </reporter-output>
        </test-method> <!-- user_have_to_click_edit_profile_mother_tongue -->
        <test-method status="PASS" signature="user_have_to_click_edit_profile_languages_known()[pri:22, instance:org.comunity.Ppedit@68c4039c]" name="user_have_to_click_edit_profile_languages_known" duration-ms="0" started-at="2021-07-06T18:45:57Z" finished-at="2021-07-06T18:45:57Z">
          <reporter-output>
          </reporter-output>
        </test-method> <!-- user_have_to_click_edit_profile_languages_known -->
        <test-method status="PASS" signature="user_have_to_click_edit_profile_gothra()[pri:23, instance:org.comunity.Ppedit@68c4039c]" name="user_have_to_click_edit_profile_gothra" duration-ms="727" started-at="2021-07-06T18:45:57Z" finished-at="2021-07-06T18:45:58Z">
          <reporter-output>
          </reporter-output>
        </test-method> <!-- user_have_to_click_edit_profile_gothra -->
        <test-method status="PASS" signature="user_have_to_click_edit_profile_star()[pri:24, instance:org.comunity.Ppedit@68c4039c]" name="user_have_to_click_edit_profile_star" duration-ms="2327" started-at="2021-07-06T18:45:58Z" finished-at="2021-07-06T18:46:00Z">
          <reporter-output>
          </reporter-output>
        </test-method> <!-- user_have_to_click_edit_profile_star -->
        <test-method status="PASS" signature="user_have_to_click_edit_profile_rasi()[pri:25, instance:org.comunity.Ppedit@68c4039c]" name="user_have_to_click_edit_profile_rasi" duration-ms="2065" started-at="2021-07-06T18:46:00Z" finished-at="2021-07-06T18:46:03Z">
          <reporter-output>
          </reporter-output>
        </test-method> <!-- user_have_to_click_edit_profile_rasi -->
        <test-method status="PASS" signature="user_have_to_click_edit_profile_chevvai_dosham()[pri:26, instance:org.comunity.Ppedit@68c4039c]" name="user_have_to_click_edit_profile_chevvai_dosham" duration-ms="540" started-at="2021-07-06T18:46:03Z" finished-at="2021-07-06T18:46:03Z">
          <reporter-output>
          </reporter-output>
        </test-method> <!-- user_have_to_click_edit_profile_chevvai_dosham -->
        <test-method status="PASS" signature="user_have_to_click_edit_profile_chevvai_dosham_edit()[pri:27, instance:org.comunity.Ppedit@68c4039c]" name="user_have_to_click_edit_profile_chevvai_dosham_edit" duration-ms="584" started-at="2021-07-06T18:46:03Z" finished-at="2021-07-06T18:46:04Z">
          <reporter-output>
          </reporter-output>
        </test-method> <!-- user_have_to_click_edit_profile_chevvai_dosham_edit -->
        <test-method status="PASS" signature="user_have_to_click_edit_profile_eating_habits()[pri:30, instance:org.comunity.Ppedit@68c4039c]" name="user_have_to_click_edit_profile_eating_habits" duration-ms="594" started-at="2021-07-06T18:46:04Z" finished-at="2021-07-06T18:46:04Z">
          <reporter-output>
          </reporter-output>
        </test-method> <!-- user_have_to_click_edit_profile_eating_habits -->
        <test-method status="PASS" signature="user_have_to_click_edit_profile_eating_habits_edit()[pri:31, instance:org.comunity.Ppedit@68c4039c]" name="user_have_to_click_edit_profile_eating_habits_edit" duration-ms="682" started-at="2021-07-06T18:46:04Z" finished-at="2021-07-06T18:46:05Z">
          <reporter-output>
          </reporter-output>
        </test-method> <!-- user_have_to_click_edit_profile_eating_habits_edit -->
        <test-method status="PASS" signature="user_have_to_click_edit_profile_smoiking_habits()[pri:32, instance:org.comunity.Ppedit@68c4039c]" name="user_have_to_click_edit_profile_smoiking_habits" duration-ms="561" started-at="2021-07-06T18:46:05Z" finished-at="2021-07-06T18:46:05Z">
          <reporter-output>
          </reporter-output>
        </test-method> <!-- user_have_to_click_edit_profile_smoiking_habits -->
        <test-method status="PASS" signature="user_have_to_click_edit_profile_smoiking_habits_edit()[pri:33, instance:org.comunity.Ppedit@68c4039c]" name="user_have_to_click_edit_profile_smoiking_habits_edit" duration-ms="570" started-at="2021-07-06T18:46:05Z" finished-at="2021-07-06T18:46:06Z">
          <reporter-output>
          </reporter-output>
        </test-method> <!-- user_have_to_click_edit_profile_smoiking_habits_edit -->
        <test-method status="PASS" signature="user_have_to_click_edit_profile_drinking_habits()[pri:34, instance:org.comunity.Ppedit@68c4039c]" name="user_have_to_click_edit_profile_drinking_habits" duration-ms="563" started-at="2021-07-06T18:46:06Z" finished-at="2021-07-06T18:46:07Z">
          <reporter-output>
          </reporter-output>
        </test-method> <!-- user_have_to_click_edit_profile_drinking_habits -->
        <test-method status="PASS" signature="user_have_to_click_edit_profile_drinking_habits_edit()[pri:35, instance:org.comunity.Ppedit@68c4039c]" name="user_have_to_click_edit_profile_drinking_habits_edit" duration-ms="517" started-at="2021-07-06T18:46:07Z" finished-at="2021-07-06T18:46:07Z">
          <reporter-output>
          </reporter-output>
        </test-method> <!-- user_have_to_click_edit_profile_drinking_habits_edit -->
        <test-method status="PASS" signature="user_have_to_click_edit_profile_about()[pri:36, instance:org.comunity.Ppedit@68c4039c]" name="user_have_to_click_edit_profile_about" duration-ms="1000" started-at="2021-07-06T18:46:07Z" finished-at="2021-07-06T18:46:08Z">
          <reporter-output>
          </reporter-output>
        </test-method> <!-- user_have_to_click_edit_profile_about -->
        <test-method status="PASS" signature="user_have_to_click_edit_profile_save()[pri:37, instance:org.comunity.Ppedit@68c4039c]" name="user_have_to_click_edit_profile_save" duration-ms="0" started-at="2021-07-06T18:46:08Z" finished-at="2021-07-06T18:46:08Z">
          <reporter-output>
          </reporter-output>
        </test-method> <!-- user_have_to_click_edit_profile_save -->
        <test-method status="PASS" signature="user_have_to_click_edit_profile_education_and_occupation()[pri:38, instance:org.comunity.Ppedit@68c4039c]" name="user_have_to_click_edit_profile_education_and_occupation" duration-ms="338" started-at="2021-07-06T18:46:08Z" finished-at="2021-07-06T18:46:08Z">
          <reporter-output>
          </reporter-output>
        </test-method> <!-- user_have_to_click_edit_profile_education_and_occupation -->
        <test-method status="PASS" signature="user_have_to_click_edit_profile_Highest_Education()[pri:40, instance:org.comunity.Ppedit@68c4039c]" name="user_have_to_click_edit_profile_Highest_Education" duration-ms="4371" started-at="2021-07-06T18:46:08Z" finished-at="2021-07-06T18:46:13Z">
          <reporter-output>
          </reporter-output>
        </test-method> <!-- user_have_to_click_edit_profile_Highest_Education -->
        <test-method status="PASS" signature="user_have_to_click_edit_profile_College_or_Institution()[pri:41, instance:org.comunity.Ppedit@68c4039c]" name="user_have_to_click_edit_profile_College_or_Institution" duration-ms="659" started-at="2021-07-06T18:46:13Z" finished-at="2021-07-06T18:46:14Z">
          <reporter-output>
          </reporter-output>
        </test-method> <!-- user_have_to_click_edit_profile_College_or_Institution -->
        <test-method status="PASS" signature="user_have_to_click_edit_profile_Education_in_Detail()[pri:42, instance:org.comunity.Ppedit@68c4039c]" name="user_have_to_click_edit_profile_Education_in_Detail" duration-ms="558" started-at="2021-07-06T18:46:14Z" finished-at="2021-07-06T18:46:14Z">
          <reporter-output>
          </reporter-output>
        </test-method> <!-- user_have_to_click_edit_profile_Education_in_Detail -->
        <test-method status="PASS" signature="user_have_to_click_edit_profile_Employed_In()[pri:43, instance:org.comunity.Ppedit@68c4039c]" name="user_have_to_click_edit_profile_Employed_In" duration-ms="720" started-at="2021-07-06T18:46:14Z" finished-at="2021-07-06T18:46:15Z">
          <reporter-output>
          </reporter-output>
        </test-method> <!-- user_have_to_click_edit_profile_Employed_In -->
        <test-method status="PASS" signature="user_have_to_click_edit_profile_Employed_In_edit()[pri:44, instance:org.comunity.Ppedit@68c4039c]" name="user_have_to_click_edit_profile_Employed_In_edit" duration-ms="731" started-at="2021-07-06T18:46:15Z" finished-at="2021-07-06T18:46:16Z">
          <reporter-output>
          </reporter-output>
        </test-method> <!-- user_have_to_click_edit_profile_Employed_In_edit -->
        <test-method status="PASS" signature="user_have_to_click_edit_profile_Occupation()[pri:45, instance:org.comunity.Ppedit@68c4039c]" name="user_have_to_click_edit_profile_Occupation" duration-ms="1646" started-at="2021-07-06T18:46:16Z" finished-at="2021-07-06T18:46:17Z">
          <reporter-output>
          </reporter-output>
        </test-method> <!-- user_have_to_click_edit_profile_Occupation -->
        <test-method status="PASS" signature="user_have_to_click_edit_profile_Occupation_in_Detail()[pri:46, instance:org.comunity.Ppedit@68c4039c]" name="user_have_to_click_edit_profile_Occupation_in_Detail" duration-ms="713" started-at="2021-07-06T18:46:17Z" finished-at="2021-07-06T18:46:18Z">
          <reporter-output>
          </reporter-output>
        </test-method> <!-- user_have_to_click_edit_profile_Occupation_in_Detail -->
        <test-method status="PASS" signature="user_have_to_click_edit_profile_Annual_Income()[pri:47, instance:org.comunity.Ppedit@68c4039c]" name="user_have_to_click_edit_profile_Annual_Income" duration-ms="2231" started-at="2021-07-06T18:46:18Z" finished-at="2021-07-06T18:46:20Z">
          <reporter-output>
          </reporter-output>
        </test-method> <!-- user_have_to_click_edit_profile_Annual_Income -->
        <test-method status="PASS" signature="user_have_to_click_edit_profile_click_family_details()[pri:50, instance:org.comunity.Ppedit@68c4039c]" name="user_have_to_click_edit_profile_click_family_details" duration-ms="369" started-at="2021-07-06T18:46:20Z" finished-at="2021-07-06T18:46:20Z">
          <reporter-output>
          </reporter-output>
        </test-method> <!-- user_have_to_click_edit_profile_click_family_details -->
        <test-method status="PASS" signature="user_have_to_click_edit_profile_Parent_s_Contact_No()[pri:51, instance:org.comunity.Ppedit@68c4039c]" name="user_have_to_click_edit_profile_Parent_s_Contact_No" duration-ms="976" started-at="2021-07-06T18:46:20Z" finished-at="2021-07-06T18:46:21Z">
          <reporter-output>
          </reporter-output>
        </test-method> <!-- user_have_to_click_edit_profile_Parent_s_Contact_No -->
        <test-method status="PASS" signature="user_have_to_click_edit_profile_Family_Value()[pri:52, instance:org.comunity.Ppedit@68c4039c]" name="user_have_to_click_edit_profile_Family_Value" duration-ms="710" started-at="2021-07-06T18:46:21Z" finished-at="2021-07-06T18:46:22Z">
          <reporter-output>
          </reporter-output>
        </test-method> <!-- user_have_to_click_edit_profile_Family_Value -->
        <test-method status="PASS" signature="user_have_to_click_edit_profile_Family_Value_after()[pri:53, instance:org.comunity.Ppedit@68c4039c]" name="user_have_to_click_edit_profile_Family_Value_after" duration-ms="568" started-at="2021-07-06T18:46:22Z" finished-at="2021-07-06T18:46:23Z">
          <reporter-output>
          </reporter-output>
        </test-method> <!-- user_have_to_click_edit_profile_Family_Value_after -->
        <test-method status="PASS" signature="user_have_to_click_edit_profile_Family_Type()[pri:54, instance:org.comunity.Ppedit@68c4039c]" name="user_have_to_click_edit_profile_Family_Type" duration-ms="593" started-at="2021-07-06T18:46:23Z" finished-at="2021-07-06T18:46:23Z">
          <reporter-output>
          </reporter-output>
        </test-method> <!-- user_have_to_click_edit_profile_Family_Type -->
        <test-method status="PASS" signature="user_have_to_click_edit_profile_Family_Type_after()[pri:55, instance:org.comunity.Ppedit@68c4039c]" name="user_have_to_click_edit_profile_Family_Type_after" duration-ms="449" started-at="2021-07-06T18:46:23Z" finished-at="2021-07-06T18:46:24Z">
          <reporter-output>
          </reporter-output>
        </test-method> <!-- user_have_to_click_edit_profile_Family_Type_after -->
        <test-method status="PASS" signature="user_have_to_click_edit_profile_Family_Status()[pri:56, instance:org.comunity.Ppedit@68c4039c]" name="user_have_to_click_edit_profile_Family_Status" duration-ms="560" started-at="2021-07-06T18:46:24Z" finished-at="2021-07-06T18:46:24Z">
          <reporter-output>
          </reporter-output>
        </test-method> <!-- user_have_to_click_edit_profile_Family_Status -->
        <test-method status="PASS" signature="user_have_to_click_edit_profile_Family_Status_after()[pri:57, instance:org.comunity.Ppedit@68c4039c]" name="user_have_to_click_edit_profile_Family_Status_after" duration-ms="605" started-at="2021-07-06T18:46:24Z" finished-at="2021-07-06T18:46:25Z">
          <reporter-output>
          </reporter-output>
        </test-method> <!-- user_have_to_click_edit_profile_Family_Status_after -->
        <test-method status="PASS" signature="user_have_to_click_edit_profile_Native_Place()[pri:60, instance:org.comunity.Ppedit@68c4039c]" name="user_have_to_click_edit_profile_Native_Place" duration-ms="702" started-at="2021-07-06T18:46:25Z" finished-at="2021-07-06T18:46:26Z">
          <reporter-output>
          </reporter-output>
        </test-method> <!-- user_have_to_click_edit_profile_Native_Place -->
        <test-method status="PASS" signature="user_have_to_click_edit_profile_Father_s_Occupation()[pri:61, instance:org.comunity.Ppedit@68c4039c]" name="user_have_to_click_edit_profile_Father_s_Occupation" duration-ms="602" started-at="2021-07-06T18:46:26Z" finished-at="2021-07-06T18:46:26Z">
          <reporter-output>
          </reporter-output>
        </test-method> <!-- user_have_to_click_edit_profile_Father_s_Occupation -->
        <test-method status="PASS" signature="user_have_to_click_edit_profile_Mother_s_Occupation()[pri:62, instance:org.comunity.Ppedit@68c4039c]" name="user_have_to_click_edit_profile_Mother_s_Occupation" duration-ms="697" started-at="2021-07-06T18:46:26Z" finished-at="2021-07-06T18:46:27Z">
          <reporter-output>
          </reporter-output>
        </test-method> <!-- user_have_to_click_edit_profile_Mother_s_Occupation -->
        <test-method status="PASS" signature="user_have_to_click_edit_profile_No_of_Brothers()[pri:63, instance:org.comunity.Ppedit@68c4039c]" name="user_have_to_click_edit_profile_No_of_Brothers" duration-ms="1355" started-at="2021-07-06T18:46:27Z" finished-at="2021-07-06T18:46:28Z">
          <reporter-output>
          </reporter-output>
        </test-method> <!-- user_have_to_click_edit_profile_No_of_Brothers -->
        <test-method status="PASS" signature="user_have_to_click_edit_profile_Brothers_Married()[pri:64, instance:org.comunity.Ppedit@68c4039c]" name="user_have_to_click_edit_profile_Brothers_Married" duration-ms="1339" started-at="2021-07-06T18:46:28Z" finished-at="2021-07-06T18:46:30Z">
          <reporter-output>
          </reporter-output>
        </test-method> <!-- user_have_to_click_edit_profile_Brothers_Married -->
        <test-method status="PASS" signature="user_have_to_click_edit_profile_No_of_Sisters()[pri:65, instance:org.comunity.Ppedit@68c4039c]" name="user_have_to_click_edit_profile_No_of_Sisters" duration-ms="1456" started-at="2021-07-06T18:46:30Z" finished-at="2021-07-06T18:46:31Z">
          <reporter-output>
          </reporter-output>
        </test-method> <!-- user_have_to_click_edit_profile_No_of_Sisters -->
        <test-method status="PASS" signature="user_have_to_click_edit_profile_Sisters_Married()[pri:66, instance:org.comunity.Ppedit@68c4039c]" name="user_have_to_click_edit_profile_Sisters_Married" duration-ms="1287" started-at="2021-07-06T18:46:31Z" finished-at="2021-07-06T18:46:32Z">
          <reporter-output>
          </reporter-output>
        </test-method> <!-- user_have_to_click_edit_profile_Sisters_Married -->
        <test-method status="PASS" signature="user_have_to_click_edit_profile_About_My_Family()[pri:67, instance:org.comunity.Ppedit@68c4039c]" name="user_have_to_click_edit_profile_About_My_Family" duration-ms="795" started-at="2021-07-06T18:46:32Z" finished-at="2021-07-06T18:46:33Z">
          <reporter-output>
          </reporter-output>
        </test-method> <!-- user_have_to_click_edit_profile_About_My_Family -->
        <test-method status="PASS" signature="user_have_to_click_edit_profile_Click_hobbies_and_interest()[pri:71, instance:org.comunity.Ppedit@68c4039c]" name="user_have_to_click_edit_profile_Click_hobbies_and_interest" duration-ms="374" started-at="2021-07-06T18:46:33Z" finished-at="2021-07-06T18:46:34Z">
          <reporter-output>
          </reporter-output>
        </test-method> <!-- user_have_to_click_edit_profile_Click_hobbies_and_interest -->
        <test-method status="PASS" signature="user_have_to_click_edit_profile_What_are_your_Hobbies_and_Interest()[pri:72, instance:org.comunity.Ppedit@68c4039c]" name="user_have_to_click_edit_profile_What_are_your_Hobbies_and_Interest" duration-ms="4516" started-at="2021-07-06T18:46:34Z" finished-at="2021-07-06T18:46:38Z">
          <reporter-output>
          </reporter-output>
        </test-method> <!-- user_have_to_click_edit_profile_What_are_your_Hobbies_and_Interest -->
        <test-method status="PASS" signature="user_have_to_click_edit_profile_What_are_your_Hobbies_and_Interest_after()[pri:73, instance:org.comunity.Ppedit@68c4039c]" name="user_have_to_click_edit_profile_What_are_your_Hobbies_and_Interest_after" duration-ms="4478" started-at="2021-07-06T18:46:38Z" finished-at="2021-07-06T18:46:43Z">
          <reporter-output>
          </reporter-output>
        </test-method> <!-- user_have_to_click_edit_profile_What_are_your_Hobbies_and_Interest_after -->
        <test-method status="PASS" signature="user_have_to_click_edit_profile_Others()[pri:74, instance:org.comunity.Ppedit@68c4039c]" name="user_have_to_click_edit_profile_Others" duration-ms="749" started-at="2021-07-06T18:46:43Z" finished-at="2021-07-06T18:46:43Z">
          <reporter-output>
          </reporter-output>
        </test-method> <!-- user_have_to_click_edit_profile_Others -->
        <test-method status="PASS" signature="user_have_to_click_edit_profile_Your_favourite_music()[pri:75, instance:org.comunity.Ppedit@68c4039c]" name="user_have_to_click_edit_profile_Your_favourite_music" duration-ms="934" started-at="2021-07-06T18:46:43Z" finished-at="2021-07-06T18:46:44Z">
          <reporter-output>
          </reporter-output>
        </test-method> <!-- user_have_to_click_edit_profile_Your_favourite_music -->
        <test-method status="PASS" signature="user_have_to_click_edit_profile_Your_favourite_music_after()[pri:76, instance:org.comunity.Ppedit@68c4039c]" name="user_have_to_click_edit_profile_Your_favourite_music_after" duration-ms="1196" started-at="2021-07-06T18:46:44Z" finished-at="2021-07-06T18:46:45Z">
          <reporter-output>
          </reporter-output>
        </test-method> <!-- user_have_to_click_edit_profile_Your_favourite_music_after -->
        <test-method status="PASS" signature="user_have_to_click_edit_profile_Others_music()[pri:77, instance:org.comunity.Ppedit@68c4039c]" name="user_have_to_click_edit_profile_Others_music" duration-ms="702" started-at="2021-07-06T18:46:45Z" finished-at="2021-07-06T18:46:46Z">
          <reporter-output>
          </reporter-output>
        </test-method> <!-- user_have_to_click_edit_profile_Others_music -->
        <test-method status="PASS" signature="user_have_to_click_edit_profile_Sports_you_like()[pri:80, instance:org.comunity.Ppedit@68c4039c]" name="user_have_to_click_edit_profile_Sports_you_like" duration-ms="2195" started-at="2021-07-06T18:46:46Z" finished-at="2021-07-06T18:46:48Z">
          <reporter-output>
          </reporter-output>
        </test-method> <!-- user_have_to_click_edit_profile_Sports_you_like -->
        <test-method status="PASS" signature="user_have_to_click_edit_profile_Sports_you_like_after()[pri:81, instance:org.comunity.Ppedit@68c4039c]" name="user_have_to_click_edit_profile_Sports_you_like_after" duration-ms="2240" started-at="2021-07-06T18:46:48Z" finished-at="2021-07-06T18:46:51Z">
          <reporter-output>
          </reporter-output>
        </test-method> <!-- user_have_to_click_edit_profile_Sports_you_like_after -->
        <test-method status="PASS" signature="user_have_to_click_edit_profile_Others_sports()[pri:82, instance:org.comunity.Ppedit@68c4039c]" name="user_have_to_click_edit_profile_Others_sports" duration-ms="599" started-at="2021-07-06T18:46:51Z" finished-at="2021-07-06T18:46:51Z">
          <reporter-output>
          </reporter-output>
        </test-method> <!-- user_have_to_click_edit_profile_Others_sports -->
        <test-method status="PASS" signature="user_have_to_click_edit_profile_Your_favourite_food()[pri:83, instance:org.comunity.Ppedit@68c4039c]" name="user_have_to_click_edit_profile_Your_favourite_food" duration-ms="4263" started-at="2021-07-06T18:46:51Z" finished-at="2021-07-06T18:46:55Z">
          <reporter-output>
          </reporter-output>
        </test-method> <!-- user_have_to_click_edit_profile_Your_favourite_food -->
        <test-method status="PASS" signature="user_have_to_click_edit_profile_Your_favourite_food_others()[pri:84, instance:org.comunity.Ppedit@68c4039c]" name="user_have_to_click_edit_profile_Your_favourite_food_others" duration-ms="3318" started-at="2021-07-06T18:46:55Z" finished-at="2021-07-06T18:46:59Z">
          <reporter-output>
          </reporter-output>
        </test-method> <!-- user_have_to_click_edit_profile_Your_favourite_food_others -->
        <test-method status="PASS" signature="user_have_to_click_edit_profile_Others_favourite_food()[pri:85, instance:org.comunity.Ppedit@68c4039c]" name="user_have_to_click_edit_profile_Others_favourite_food" duration-ms="705" started-at="2021-07-06T18:46:59Z" finished-at="2021-07-06T18:46:59Z">
          <reporter-output>
          </reporter-output>
        </test-method> <!-- user_have_to_click_edit_profile_Others_favourite_food -->
        <test-method status="PASS" signature="user_have_to_click_edit_profile_save1()[pri:86, instance:org.comunity.Ppedit@68c4039c]" name="user_have_to_click_edit_profile_save1" duration-ms="1" started-at="2021-07-06T18:46:59Z" finished-at="2021-07-06T18:46:59Z">
          <reporter-output>
          </reporter-output>
        </test-method> <!-- user_have_to_click_edit_profile_save1 -->
        <test-method status="PASS" signature="user_have_to_click_edit_profile_edit_partner_preference()[pri:87, instance:org.comunity.Ppedit@68c4039c]" name="user_have_to_click_edit_profile_edit_partner_preference" duration-ms="22324" started-at="2021-07-06T18:46:59Z" finished-at="2021-07-06T18:47:22Z">
          <reporter-output>
          </reporter-output>
        </test-method> <!-- user_have_to_click_edit_profile_edit_partner_preference -->
        <test-method status="PASS" signature="user_have_to_click_edit_profile_partner_preference_marital_status()[pri:90, instance:org.comunity.Ppedit@68c4039c]" name="user_have_to_click_edit_profile_partner_preference_marital_status" duration-ms="456" started-at="2021-07-06T18:47:22Z" finished-at="2021-07-06T18:47:22Z">
          <reporter-output>
          </reporter-output>
        </test-method> <!-- user_have_to_click_edit_profile_partner_preference_marital_status -->
        <test-method status="PASS" signature="user_have_to_click_edit_profile_partner_preference_age()[pri:91, instance:org.comunity.Ppedit@68c4039c]" name="user_have_to_click_edit_profile_partner_preference_age" duration-ms="931" started-at="2021-07-06T18:47:22Z" finished-at="2021-07-06T18:47:23Z">
          <reporter-output>
          </reporter-output>
        </test-method> <!-- user_have_to_click_edit_profile_partner_preference_age -->
        <test-method status="PASS" signature="user_have_to_click_edit_profile_partner_preference_height()[pri:92, instance:org.comunity.Ppedit@68c4039c]" name="user_have_to_click_edit_profile_partner_preference_height" duration-ms="1087" started-at="2021-07-06T18:47:23Z" finished-at="2021-07-06T18:47:24Z">
          <reporter-output>
          </reporter-output>
        </test-method> <!-- user_have_to_click_edit_profile_partner_preference_height -->
        <test-method status="PASS" signature="user_have_to_click_edit_profile_partner_preference_physical_status()[pri:93, instance:org.comunity.Ppedit@68c4039c]" name="user_have_to_click_edit_profile_partner_preference_physical_status" duration-ms="657" started-at="2021-07-06T18:47:24Z" finished-at="2021-07-06T18:47:25Z">
          <reporter-output>
          </reporter-output>
        </test-method> <!-- user_have_to_click_edit_profile_partner_preference_physical_status -->
        <test-method status="PASS" signature="user_have_to_click_edit_profile_partner_preference_mother_tongue()[pri:94, instance:org.comunity.Ppedit@68c4039c]" name="user_have_to_click_edit_profile_partner_preference_mother_tongue" duration-ms="739" started-at="2021-07-06T18:47:25Z" finished-at="2021-07-06T18:47:26Z">
          <reporter-output>
          </reporter-output>
        </test-method> <!-- user_have_to_click_edit_profile_partner_preference_mother_tongue -->
        <test-method status="PASS" signature="user_have_to_click_edit_profile_partner_preference_star()[pri:95, instance:org.comunity.Ppedit@68c4039c]" name="user_have_to_click_edit_profile_partner_preference_star" duration-ms="702" started-at="2021-07-06T18:47:26Z" finished-at="2021-07-06T18:47:26Z">
          <reporter-output>
          </reporter-output>
        </test-method> <!-- user_have_to_click_edit_profile_partner_preference_star -->
        <test-method status="PASS" signature="user_have_to_click_edit_profile_partner_preference_subcaste()[pri:95, instance:org.comunity.Ppedit@68c4039c]" name="user_have_to_click_edit_profile_partner_preference_subcaste" duration-ms="721" started-at="2021-07-06T18:47:26Z" finished-at="2021-07-06T18:47:27Z">
          <reporter-output>
          </reporter-output>
        </test-method> <!-- user_have_to_click_edit_profile_partner_preference_subcaste -->
        <test-method status="PASS" signature="user_have_to_click_edit_profile_partner_preference_chevvai_dosham()[pri:96, instance:org.comunity.Ppedit@68c4039c]" name="user_have_to_click_edit_profile_partner_preference_chevvai_dosham" duration-ms="449" started-at="2021-07-06T18:47:27Z" finished-at="2021-07-06T18:47:28Z">
          <reporter-output>
          </reporter-output>
        </test-method> <!-- user_have_to_click_edit_profile_partner_preference_chevvai_dosham -->
        <test-method status="PASS" signature="user_have_to_click_edit_profile_partner_preference_educationm()[pri:97, instance:org.comunity.Ppedit@68c4039c]" name="user_have_to_click_edit_profile_partner_preference_educationm" duration-ms="5666" started-at="2021-07-06T18:47:28Z" finished-at="2021-07-06T18:47:33Z">
          <reporter-output>
          </reporter-output>
        </test-method> <!-- user_have_to_click_edit_profile_partner_preference_educationm -->
        <test-method status="PASS" signature="user_have_to_click_edit_profile_partner_preference_employedIn()[pri:100, instance:org.comunity.Ppedit@68c4039c]" name="user_have_to_click_edit_profile_partner_preference_employedIn" duration-ms="661" started-at="2021-07-06T18:47:33Z" finished-at="2021-07-06T18:47:34Z">
          <reporter-output>
          </reporter-output>
        </test-method> <!-- user_have_to_click_edit_profile_partner_preference_employedIn -->
        <test-method status="PASS" signature="user_have_to_click_edit_profile_partner_preference_occupation()[pri:101, instance:org.comunity.Ppedit@68c4039c]" name="user_have_to_click_edit_profile_partner_preference_occupation" duration-ms="760" started-at="2021-07-06T18:47:34Z" finished-at="2021-07-06T18:47:35Z">
          <reporter-output>
          </reporter-output>
        </test-method> <!-- user_have_to_click_edit_profile_partner_preference_occupation -->
        <test-method status="PASS" signature="user_have_to_click_edit_profile_partner_preference_citzenship()[pri:102, instance:org.comunity.Ppedit@68c4039c]" name="user_have_to_click_edit_profile_partner_preference_citzenship" duration-ms="5637" started-at="2021-07-06T18:47:35Z" finished-at="2021-07-06T18:47:40Z">
          <reporter-output>
          </reporter-output>
        </test-method> <!-- user_have_to_click_edit_profile_partner_preference_citzenship -->
        <test-method status="PASS" signature="user_have_to_click_edit_profile_partner_preference_country_living()[pri:103, instance:org.comunity.Ppedit@68c4039c]" name="user_have_to_click_edit_profile_partner_preference_country_living" duration-ms="712" started-at="2021-07-06T18:47:40Z" finished-at="2021-07-06T18:47:41Z">
          <reporter-output>
          </reporter-output>
        </test-method> <!-- user_have_to_click_edit_profile_partner_preference_country_living -->
        <test-method status="PASS" signature="user_have_to_click_edit_profile_partner_preference_residing_state_in_india()[pri:104, instance:org.comunity.Ppedit@68c4039c]" name="user_have_to_click_edit_profile_partner_preference_residing_state_in_india" duration-ms="713" started-at="2021-07-06T18:47:41Z" finished-at="2021-07-06T18:47:42Z">
          <reporter-output>
          </reporter-output>
        </test-method> <!-- user_have_to_click_edit_profile_partner_preference_residing_state_in_india -->
        <test-method status="PASS" signature="user_have_to_click_edit_profile_partner_preference_residing_district()[pri:105, instance:org.comunity.Ppedit@68c4039c]" name="user_have_to_click_edit_profile_partner_preference_residing_district" duration-ms="744" started-at="2021-07-06T18:47:42Z" finished-at="2021-07-06T18:47:42Z">
          <reporter-output>
          </reporter-output>
        </test-method> <!-- user_have_to_click_edit_profile_partner_preference_residing_district -->
        <test-method status="PASS" signature="user_have_to_click_edit_profilepartner_preference_food_habits()[pri:106, instance:org.comunity.Ppedit@68c4039c]" name="user_have_to_click_edit_profilepartner_preference_food_habits" duration-ms="653" started-at="2021-07-06T18:47:42Z" finished-at="2021-07-06T18:47:43Z">
          <reporter-output>
          </reporter-output>
        </test-method> <!-- user_have_to_click_edit_profilepartner_preference_food_habits -->
        <test-method status="PASS" signature="user_have_to_click_edit_profile_partner_preference_smoking_habits()[pri:107, instance:org.comunity.Ppedit@68c4039c]" name="user_have_to_click_edit_profile_partner_preference_smoking_habits" duration-ms="500" started-at="2021-07-06T18:47:43Z" finished-at="2021-07-06T18:47:44Z">
          <reporter-output>
          </reporter-output>
        </test-method> <!-- user_have_to_click_edit_profile_partner_preference_smoking_habits -->
        <test-method status="PASS" signature="user_have_to_click_edit_profile_partner_preference_drinking_habits()[pri:110, instance:org.comunity.Ppedit@68c4039c]" name="user_have_to_click_edit_profile_partner_preference_drinking_habits" duration-ms="551" started-at="2021-07-06T18:47:44Z" finished-at="2021-07-06T18:47:44Z">
          <reporter-output>
          </reporter-output>
        </test-method> <!-- user_have_to_click_edit_profile_partner_preference_drinking_habits -->
        <test-method status="FAIL" signature="user_have_to_click_edit_profile_partner_preference_annual_income()[pri:111, instance:org.comunity.Ppedit@68c4039c]" name="user_have_to_click_edit_profile_partner_preference_annual_income" duration-ms="716" started-at="2021-07-06T18:47:44Z" finished-at="2021-07-06T18:47:45Z">
          <exception class="org.openqa.selenium.ElementNotInteractableException">
            <message>
              <![CDATA[element not interactable: Element is not currently visible and may not be manipulated
  (Session info: chrome=91.0.4472.124)
Build info: version: '3.141.59', revision: 'e82be7d358', time: '2018-11-14T08:17:03'
System info: host: '10503-L-79440', ip: '192.168.42.21', os.name: 'Windows 10', os.arch: 'amd64', os.version: '10.0', java.version: '1.8.0_291'
Driver info: org.openqa.selenium.chrome.ChromeDriver
Capabilities {acceptInsecureCerts: false, browserName: chrome, browserVersion: 91.0.4472.124, chrome: {chromedriverVersion: 91.0.4472.101 (af52a90bf870..., userDataDir: C:\Users\ARAVIN~1\AppData\L...}, goog:chromeOptions: {debuggerAddress: localhost:59305}, javascriptEnabled: true, networkConnectionEnabled: false, pageLoadStrategy: normal, platform: WINDOWS, platformName: WINDOWS, proxy: Proxy(), setWindowRect: true, strictFileInteractability: false, timeouts: {implicit: 0, pageLoad: 300000, script: 30000}, unhandledPromptBehavior: dismiss and notify, webauthn:extension:largeBlob: true, webauthn:virtualAuthenticators: true}
Session ID: 69b47491b7a6d9d899a2310fe06ab488]]>
            </message>
            <full-stacktrace>
              <![CDATA[org.openqa.selenium.ElementNotInteractableException: element not interactable: Element is not currently visible and may not be manipulated
  (Session info: chrome=91.0.4472.124)
Build info: version: '3.141.59', revision: 'e82be7d358', time: '2018-11-14T08:17:03'
System info: host: '10503-L-79440', ip: '192.168.42.21', os.name: 'Windows 10', os.arch: 'amd64', os.version: '10.0', java.version: '1.8.0_291'
Driver info: org.openqa.selenium.chrome.ChromeDriver
Capabilities {acceptInsecureCerts: false, browserName: chrome, browserVersion: 91.0.4472.124, chrome: {chromedriverVersion: 91.0.4472.101 (af52a90bf870..., userDataDir: C:\Users\ARAVIN~1\AppData\L...}, goog:chromeOptions: {debuggerAddress: localhost:59305}, javascriptEnabled: true, networkConnectionEnabled: false, pageLoadStrategy: normal, platform: WINDOWS, platformName: WINDOWS, proxy: Proxy(), setWindowRect: true, strictFileInteractability: false, timeouts: {implicit: 0, pageLoad: 300000, script: 30000}, unhandledPromptBehavior: dismiss and notify, webauthn:extension:largeBlob: true, webauthn:virtualAuthenticators: true}
Session ID: 69b47491b7a6d9d899a2310fe06ab488
	at sun.reflect.NativeConstructorAccessorImpl.newInstance0(Native Method)
	at sun.reflect.NativeConstructorAccessorImpl.newInstance(Unknown Source)
	at sun.reflect.DelegatingConstructorAccessorImpl.newInstance(Unknown Source)
	at java.lang.reflect.Constructor.newInstance(Unknown Source)
	at org.openqa.selenium.remote.http.W3CHttpResponseCodec.createException(W3CHttpResponseCodec.java:187)
	at org.openqa.selenium.remote.http.W3CHttpResponseCodec.decode(W3CHttpResponseCodec.java:122)
	at org.openqa.selenium.remote.http.W3CHttpResponseCodec.decode(W3CHttpResponseCodec.java:49)
	at org.openqa.selenium.remote.HttpCommandExecutor.execute(HttpCommandExecutor.java:158)
	at org.openqa.selenium.remote.service.DriverCommandExecutor.execute(DriverCommandExecutor.java:83)
	at org.openqa.selenium.remote.RemoteWebDriver.execute(RemoteWebDriver.java:552)
	at org.openqa.selenium.remote.RemoteWebElement.execute(RemoteWebElement.java:285)
	at org.openqa.selenium.remote.RemoteWebElement.click(RemoteWebElement.java:84)
	at org.openqa.selenium.support.ui.Select.setSelected(Select.java:311)
	at org.openqa.selenium.support.ui.Select.setSelectedByIndex(Select.java:293)
	at org.openqa.selenium.support.ui.Select.selectByIndex(Select.java:172)
	at org.comunity.Baseclassm.selectIndex(Baseclassm.java:220)
	at org.comunity.Ppedit.user_have_to_click_edit_profile_partner_preference_annual_income(Ppedit.java:3250)
	at sun.reflect.NativeMethodAccessorImpl.invoke0(Native Method)
	at sun.reflect.NativeMethodAccessorImpl.invoke(Unknown Source)
	at sun.reflect.DelegatingMethodAccessorImpl.invoke(Unknown Source)
	at java.lang.reflect.Method.invoke(Unknown Source)
	at org.testng.internal.MethodInvocationHelper.invokeMethod(MethodInvocationHelper.java:108)
	at org.testng.internal.Invoker.invokeMethod(Invoker.java:661)
	at org.testng.internal.Invoker.invokeTestMethod(Invoker.java:869)
	at org.testng.internal.Invoker.invokeTestMethods(Invoker.java:1193)
	at org.testng.internal.TestMethodWorker.invokeTestMethods(TestMethodWorker.java:126)
	at org.testng.internal.TestMethodWorker.run(TestMethodWorker.java:109)
	at org.testng.TestRunner.privateRun(TestRunner.java:744)
	at org.testng.TestRunner.run(TestRunner.java:602)
	at org.testng.SuiteRunner.runTest(SuiteRunner.java:380)
	at org.testng.SuiteRunner.runSequentially(SuiteRunner.java:375)
	at org.testng.SuiteRunner.privateRun(SuiteRunner.java:340)
	at org.testng.SuiteRunner.run(SuiteRunner.java:289)
	at org.testng.SuiteRunnerWorker.runSuite(SuiteRunnerWorker.java:52)
	at org.testng.SuiteRunnerWorker.run(SuiteRunnerWorker.java:86)
	at org.testng.TestNG.runSuitesSequentially(TestNG.java:1301)
	at org.testng.TestNG.runSuitesLocally(TestNG.java:1226)
	at org.testng.TestNG.runSuites(TestNG.java:1144)
	at org.testng.TestNG.run(TestNG.java:1115)
	at org.testng.remote.AbstractRemoteTestNG.run(AbstractRemoteTestNG.java:132)
	at org.testng.remote.RemoteTestNG.initAndRun(RemoteTestNG.java:230)
	at org.testng.remote.RemoteTestNG.main(RemoteTestNG.java:76)
]]>
            </full-stacktrace>
          </exception> <!-- org.openqa.selenium.ElementNotInteractableException -->
          <reporter-output>
          </reporter-output>
        </test-method> <!-- user_have_to_click_edit_profile_partner_preference_annual_income -->
        <test-method status="PASS" signature="user_have_to_click_edit_profile_partner_preference_about_my_partner()[pri:112, instance:org.comunity.Ppedit@68c4039c]" name="user_have_to_click_edit_profile_partner_preference_about_my_partner" duration-ms="410" started-at="2021-07-06T18:47:45Z" finished-at="2021-07-06T18:47:45Z">
          <reporter-output>
          </reporter-output>
        </test-method> <!-- user_have_to_click_edit_profile_partner_preference_about_my_partner -->
        <test-method status="PASS" signature="user_have_to_click_edit_profile_partner_preference_save()[pri:113, instance:org.comunity.Ppedit@68c4039c]" name="user_have_to_click_edit_profile_partner_preference_save" duration-ms="18306" started-at="2021-07-06T18:47:45Z" finished-at="2021-07-06T18:48:04Z">
          <reporter-output>
          </reporter-output>
        </test-method> <!-- user_have_to_click_edit_profile_partner_preference_save -->
        <test-method status="PASS" signature="user_invalid_details()[pri:114, instance:org.comunity.Ppedit@68c4039c]" name="user_invalid_details" duration-ms="0" started-at="2021-07-06T18:48:04Z" finished-at="2021-07-06T18:48:04Z">
          <reporter-output>
          </reporter-output>
        </test-method> <!-- user_invalid_details -->
      </class> <!-- org.comunity.Ppedit -->
    </test> <!-- Default test -->
  </suite> <!-- Default suite -->
</testng-results>
